In file included from [01m[K/usr/include/boost/smart_ptr/detail/sp_thread_sleep.hpp:22[m[K,
                 from [01m[K/usr/include/boost/smart_ptr/detail/yield_k.hpp:23[m[K,
                 from [01m[K/usr/include/boost/smart_ptr/detail/spinlock_gcc_atomic.hpp:14[m[K,
                 from [01m[K/usr/include/boost/smart_ptr/detail/spinlock.hpp:42[m[K,
                 from [01m[K/usr/include/boost/smart_ptr/detail/spinlock_pool.hpp:25[m[K,
                 from [01m[K/usr/include/boost/smart_ptr/shared_ptr.hpp:29[m[K,
                 from [01m[K/usr/include/boost/shared_ptr.hpp:17[m[K,
                 from [01m[K/opt/ros/noetic/include/ros/forwards.h:37[m[K,
                 from [01m[K/opt/ros/noetic/include/ros/common.h:37[m[K,
                 from [01m[K/opt/ros/noetic/include/ros/ros.h:43[m[K,
                 from [01m[K/home/kash/robotics/omni-mapper/src/icp/src/icp_solver_retry.cpp:5[m[K:
[01m[K/usr/include/boost/bind.hpp:36:1:[m[K [01;36m[Knote: [m[Kâ€˜[01m[K#pragma message: The practice of declaring the Bind placeholders (_1, _2, ...) in the global namespace is deprecated. Please use <boost/bind/bind.hpp> + using namespace boost::placeholders, or define BOOST_BIND_GLOBAL_PLACEHOLDERS to retain the current behavior.[m[Kâ€™
   36 | [01;36m[KBOOST_PRAGMA_MESSAGE[m[K(
      | [01;36m[K^~~~~~~~~~~~~~~~~~~~[m[K
[01m[K/home/kash/robotics/omni-mapper/src/icp/src/icp_solver_retry.cpp:29:5:[m[K [01;31m[Kerror: [m[Kâ€˜[01m[Kscan_sub[m[Kâ€™ does not name a type
   29 |     [01;31m[Kscan_sub[m[K = nh.subscribe("scarab41/scan", 1, &icp::scanCallback, this);
      |     [01;31m[K^~~~~~~~[m[K
[01m[K/home/kash/robotics/omni-mapper/src/icp/src/icp_solver_retry.cpp:30:5:[m[K [01;31m[Kerror: [m[Kâ€˜[01m[Kscan_centroid_pub[m[Kâ€™ does not name a type
   30 |     [01;31m[Kscan_centroid_pub[m[K = nh.advertise<visualization_msgs::Marker>("scan_centroid", 1);
      |     [01;31m[K^~~~~~~~~~~~~~~~~[m[K
make[2]: *** [CMakeFiles/icp_retry.dir/build.make:76: CMakeFiles/icp_retry.dir/src/icp_solver_retry.cpp.o] Error 1
make[1]: *** [CMakeFiles/Makefile2:928: CMakeFiles/icp_retry.dir/all] Error 2
make: *** [Makefile:146: all] Error 2
